2025-04-16 13:10:32,458 - INFO - ====== WebDriver manager ======
2025-04-16 13:10:39,113 - INFO - Get LATEST chromedriver version for google-chrome
2025-04-16 13:10:39,294 - INFO - Get LATEST chromedriver version for google-chrome
2025-04-16 13:10:39,396 - INFO - There is no [win64] chromedriver "135.0.7049.95" for browser google-chrome "135.0.7049" in cache
2025-04-16 13:10:39,396 - INFO - Get LATEST chromedriver version for google-chrome
2025-04-16 13:10:39,664 - INFO - WebDriver version 135.0.7049.95 selected
2025-04-16 13:10:39,673 - INFO - Modern chrome version https://storage.googleapis.com/chrome-for-testing-public/135.0.7049.95/win32/chromedriver-win32.zip
2025-04-16 13:10:39,673 - INFO - About to download new driver from https://storage.googleapis.com/chrome-for-testing-public/135.0.7049.95/win32/chromedriver-win32.zip
2025-04-16 13:10:39,841 - INFO - Driver downloading response is 200
2025-04-16 13:10:43,462 - INFO - Get LATEST chromedriver version for google-chrome
2025-04-16 13:10:45,429 - INFO - Driver has been saved in cache [C:\Users\User\.wdm\drivers\chromedriver\win64\135.0.7049.95]
2025-04-16 13:10:49,192 - INFO - Scraping Balance Sheet for: A_B_Infrabuild (I07)
2025-04-16 13:10:54,865 - INFO - No Consolidated data for A_B_Infrabuild, using Standalone.
2025-04-16 13:11:05,360 - ERROR - Failed to scrape Balance Sheet for A_B_Infrabuild: Message: 
Stacktrace:
	GetHandleVerifier [0x00DC8073+60707]
	GetHandleVerifier [0x00DC80B4+60772]
	(No symbol) [0x00BF0683]
	(No symbol) [0x00C38660]
	(No symbol) [0x00C389FB]
	(No symbol) [0x00C81022]
	(No symbol) [0x00C5D094]
	(No symbol) [0x00C7E824]
	(No symbol) [0x00C5CE46]
	(No symbol) [0x00C2C5D3]
	(No symbol) [0x00C2D424]
	GetHandleVerifier [0x0100BB53+2435075]
	GetHandleVerifier [0x010070F3+2416035]
	GetHandleVerifier [0x0102349C+2531660]
	GetHandleVerifier [0x00DDF145+155125]
	GetHandleVerifier [0x00DE5AED+182173]
	GetHandleVerifier [0x00DCF948+91640]
	GetHandleVerifier [0x00DCFAF0+92064]
	GetHandleVerifier [0x00DBA5B0+4704]
	BaseThreadInitThunk [0x766DFCC9+25]
	RtlGetAppContainerNamedObjectPath [0x773282AE+286]
	RtlGetAppContainerNamedObjectPath [0x7732827E+238]

2025-04-16 13:11:08,740 - INFO - Scraping Profit & Loss for: A_B_Infrabuild (I07)
2025-04-16 13:11:14,117 - INFO - No Consolidated data for A_B_Infrabuild, using Standalone.
2025-04-16 13:11:24,443 - ERROR - Failed to scrape Profit & Loss for A_B_Infrabuild: Message: 
Stacktrace:
	GetHandleVerifier [0x00DC8073+60707]
	GetHandleVerifier [0x00DC80B4+60772]
	(No symbol) [0x00BF0683]
	(No symbol) [0x00C38660]
	(No symbol) [0x00C389FB]
	(No symbol) [0x00C81022]
	(No symbol) [0x00C5D094]
	(No symbol) [0x00C7E824]
	(No symbol) [0x00C5CE46]
	(No symbol) [0x00C2C5D3]
	(No symbol) [0x00C2D424]
	GetHandleVerifier [0x0100BB53+2435075]
	GetHandleVerifier [0x010070F3+2416035]
	GetHandleVerifier [0x0102349C+2531660]
	GetHandleVerifier [0x00DDF145+155125]
	GetHandleVerifier [0x00DE5AED+182173]
	GetHandleVerifier [0x00DCF948+91640]
	GetHandleVerifier [0x00DCFAF0+92064]
	GetHandleVerifier [0x00DBA5B0+4704]
	BaseThreadInitThunk [0x766DFCC9+25]
	RtlGetAppContainerNamedObjectPath [0x773282AE+286]
	RtlGetAppContainerNamedObjectPath [0x7732827E+238]

2025-04-16 13:11:27,347 - INFO - Scraping Yearly Results for: A_B_Infrabuild (I07)
2025-04-16 13:11:32,731 - INFO - No Consolidated data for A_B_Infrabuild, using Standalone.
2025-04-16 13:11:43,096 - ERROR - Failed to scrape Yearly Results for A_B_Infrabuild: Message: 
Stacktrace:
	GetHandleVerifier [0x00DC8073+60707]
	GetHandleVerifier [0x00DC80B4+60772]
	(No symbol) [0x00BF0683]
	(No symbol) [0x00C38660]
	(No symbol) [0x00C389FB]
	(No symbol) [0x00C81022]
	(No symbol) [0x00C5D094]
	(No symbol) [0x00C7E824]
	(No symbol) [0x00C5CE46]
	(No symbol) [0x00C2C5D3]
	(No symbol) [0x00C2D424]
	GetHandleVerifier [0x0100BB53+2435075]
	GetHandleVerifier [0x010070F3+2416035]
	GetHandleVerifier [0x0102349C+2531660]
	GetHandleVerifier [0x00DDF145+155125]
	GetHandleVerifier [0x00DE5AED+182173]
	GetHandleVerifier [0x00DCF948+91640]
	GetHandleVerifier [0x00DCFAF0+92064]
	GetHandleVerifier [0x00DBA5B0+4704]
	BaseThreadInitThunk [0x766DFCC9+25]
	RtlGetAppContainerNamedObjectPath [0x773282AE+286]
	RtlGetAppContainerNamedObjectPath [0x7732827E+238]

2025-04-16 13:11:45,560 - INFO - Scraping Cash Flow for: A_B_Infrabuild (I07)
2025-04-16 13:11:51,394 - INFO - No Consolidated data for A_B_Infrabuild, using Standalone.
2025-04-16 13:12:01,789 - ERROR - Failed to scrape Cash Flow for A_B_Infrabuild: Message: 
Stacktrace:
	GetHandleVerifier [0x00DC8073+60707]
	GetHandleVerifier [0x00DC80B4+60772]
	(No symbol) [0x00BF0683]
	(No symbol) [0x00C38660]
	(No symbol) [0x00C389FB]
	(No symbol) [0x00C81022]
	(No symbol) [0x00C5D094]
	(No symbol) [0x00C7E824]
	(No symbol) [0x00C5CE46]
	(No symbol) [0x00C2C5D3]
	(No symbol) [0x00C2D424]
	GetHandleVerifier [0x0100BB53+2435075]
	GetHandleVerifier [0x010070F3+2416035]
	GetHandleVerifier [0x0102349C+2531660]
	GetHandleVerifier [0x00DDF145+155125]
	GetHandleVerifier [0x00DE5AED+182173]
	GetHandleVerifier [0x00DCF948+91640]
	GetHandleVerifier [0x00DCFAF0+92064]
	GetHandleVerifier [0x00DBA5B0+4704]
	BaseThreadInitThunk [0x766DFCC9+25]
	RtlGetAppContainerNamedObjectPath [0x773282AE+286]
	RtlGetAppContainerNamedObjectPath [0x7732827E+238]

2025-04-16 13:12:04,442 - INFO - Scraping Ratios for: A_B_Infrabuild (I07)
2025-04-16 13:12:09,951 - INFO - No Consolidated data for A_B_Infrabuild, using Standalone.
2025-04-16 13:12:20,369 - ERROR - Failed to scrape Ratios for A_B_Infrabuild: Message: 
Stacktrace:
	GetHandleVerifier [0x00DC8073+60707]
	GetHandleVerifier [0x00DC80B4+60772]
	(No symbol) [0x00BF0683]
	(No symbol) [0x00C38660]
	(No symbol) [0x00C389FB]
	(No symbol) [0x00C81022]
	(No symbol) [0x00C5D094]
	(No symbol) [0x00C7E824]
	(No symbol) [0x00C5CE46]
	(No symbol) [0x00C2C5D3]
	(No symbol) [0x00C2D424]
	GetHandleVerifier [0x0100BB53+2435075]
	GetHandleVerifier [0x010070F3+2416035]
	GetHandleVerifier [0x0102349C+2531660]
	GetHandleVerifier [0x00DDF145+155125]
	GetHandleVerifier [0x00DE5AED+182173]
	GetHandleVerifier [0x00DCF948+91640]
	GetHandleVerifier [0x00DCFAF0+92064]
	GetHandleVerifier [0x00DBA5B0+4704]
	BaseThreadInitThunk [0x766DFCC9+25]
	RtlGetAppContainerNamedObjectPath [0x773282AE+286]
	RtlGetAppContainerNamedObjectPath [0x7732827E+238]

2025-04-16 13:12:24,322 - INFO - Scraping Capital Structure for: A_B_Infrabuild (I07)
2025-04-16 13:12:29,784 - INFO - No Consolidated data for A_B_Infrabuild, using Standalone.
2025-04-16 13:12:40,126 - ERROR - Failed to scrape Capital Structure for A_B_Infrabuild: Message: 
Stacktrace:
	GetHandleVerifier [0x00DC8073+60707]
	GetHandleVerifier [0x00DC80B4+60772]
	(No symbol) [0x00BF0683]
	(No symbol) [0x00C38660]
	(No symbol) [0x00C389FB]
	(No symbol) [0x00C81022]
	(No symbol) [0x00C5D094]
	(No symbol) [0x00C7E824]
	(No symbol) [0x00C5CE46]
	(No symbol) [0x00C2C5D3]
	(No symbol) [0x00C2D424]
	GetHandleVerifier [0x0100BB53+2435075]
	GetHandleVerifier [0x010070F3+2416035]
	GetHandleVerifier [0x0102349C+2531660]
	GetHandleVerifier [0x00DDF145+155125]
	GetHandleVerifier [0x00DE5AED+182173]
	GetHandleVerifier [0x00DCF948+91640]
	GetHandleVerifier [0x00DCFAF0+92064]
	GetHandleVerifier [0x00DBA5B0+4704]
	BaseThreadInitThunk [0x766DFCC9+25]
	RtlGetAppContainerNamedObjectPath [0x773282AE+286]
	RtlGetAppContainerNamedObjectPath [0x7732827E+238]

2025-04-16 13:12:42,829 - INFO - Scraping Balance Sheet for: A_K_S_Credits (AKS)
2025-04-16 13:12:48,284 - INFO - No Consolidated data for A_K_S_Credits, using Standalone.
2025-04-16 13:12:58,458 - ERROR - Failed to scrape Balance Sheet for A_K_S_Credits: Message: 
Stacktrace:
	GetHandleVerifier [0x00DC8073+60707]
	GetHandleVerifier [0x00DC80B4+60772]
	(No symbol) [0x00BF0683]
	(No symbol) [0x00C38660]
	(No symbol) [0x00C389FB]
	(No symbol) [0x00C81022]
	(No symbol) [0x00C5D094]
	(No symbol) [0x00C7E824]
	(No symbol) [0x00C5CE46]
	(No symbol) [0x00C2C5D3]
	(No symbol) [0x00C2D424]
	GetHandleVerifier [0x0100BB53+2435075]
	GetHandleVerifier [0x010070F3+2416035]
	GetHandleVerifier [0x0102349C+2531660]
	GetHandleVerifier [0x00DDF145+155125]
	GetHandleVerifier [0x00DE5AED+182173]
	GetHandleVerifier [0x00DCF948+91640]
	GetHandleVerifier [0x00DCFAF0+92064]
	GetHandleVerifier [0x00DBA5B0+4704]
	BaseThreadInitThunk [0x766DFCC9+25]
	RtlGetAppContainerNamedObjectPath [0x773282AE+286]
	RtlGetAppContainerNamedObjectPath [0x7732827E+238]

2025-04-16 13:13:00,500 - INFO - Scraping Profit & Loss for: A_K_S_Credits (AKS)
2025-04-16 13:13:05,897 - INFO - No Consolidated data for A_K_S_Credits, using Standalone.
2025-04-16 13:13:16,221 - ERROR - Failed to scrape Profit & Loss for A_K_S_Credits: Message: 
Stacktrace:
	GetHandleVerifier [0x00DC8073+60707]
	GetHandleVerifier [0x00DC80B4+60772]
	(No symbol) [0x00BF0683]
	(No symbol) [0x00C38660]
	(No symbol) [0x00C389FB]
	(No symbol) [0x00C81022]
	(No symbol) [0x00C5D094]
	(No symbol) [0x00C7E824]
	(No symbol) [0x00C5CE46]
	(No symbol) [0x00C2C5D3]
	(No symbol) [0x00C2D424]
	GetHandleVerifier [0x0100BB53+2435075]
	GetHandleVerifier [0x010070F3+2416035]
	GetHandleVerifier [0x0102349C+2531660]
	GetHandleVerifier [0x00DDF145+155125]
	GetHandleVerifier [0x00DE5AED+182173]
	GetHandleVerifier [0x00DCF948+91640]
	GetHandleVerifier [0x00DCFAF0+92064]
	GetHandleVerifier [0x00DBA5B0+4704]
	BaseThreadInitThunk [0x766DFCC9+25]
	RtlGetAppContainerNamedObjectPath [0x773282AE+286]
	RtlGetAppContainerNamedObjectPath [0x7732827E+238]

2025-04-16 13:13:19,873 - INFO - Scraping Yearly Results for: A_K_S_Credits (AKS)
2025-04-16 13:13:25,283 - INFO - No Consolidated data for A_K_S_Credits, using Standalone.
2025-04-16 13:13:35,638 - ERROR - Failed to scrape Yearly Results for A_K_S_Credits: Message: 
Stacktrace:
	GetHandleVerifier [0x00DC8073+60707]
	GetHandleVerifier [0x00DC80B4+60772]
	(No symbol) [0x00BF0683]
	(No symbol) [0x00C38660]
	(No symbol) [0x00C389FB]
	(No symbol) [0x00C81022]
	(No symbol) [0x00C5D094]
	(No symbol) [0x00C7E824]
	(No symbol) [0x00C5CE46]
	(No symbol) [0x00C2C5D3]
	(No symbol) [0x00C2D424]
	GetHandleVerifier [0x0100BB53+2435075]
	GetHandleVerifier [0x010070F3+2416035]
	GetHandleVerifier [0x0102349C+2531660]
	GetHandleVerifier [0x00DDF145+155125]
	GetHandleVerifier [0x00DE5AED+182173]
	GetHandleVerifier [0x00DCF948+91640]
	GetHandleVerifier [0x00DCFAF0+92064]
	GetHandleVerifier [0x00DBA5B0+4704]
	BaseThreadInitThunk [0x766DFCC9+25]
	RtlGetAppContainerNamedObjectPath [0x773282AE+286]
	RtlGetAppContainerNamedObjectPath [0x7732827E+238]

2025-04-16 13:13:38,586 - INFO - Scraping Cash Flow for: A_K_S_Credits (AKS)
2025-04-16 13:13:44,579 - INFO - No Consolidated data for A_K_S_Credits, using Standalone.
2025-04-16 13:13:54,976 - ERROR - Failed to scrape Cash Flow for A_K_S_Credits: Message: 
Stacktrace:
	GetHandleVerifier [0x00DC8073+60707]
	GetHandleVerifier [0x00DC80B4+60772]
	(No symbol) [0x00BF0683]
	(No symbol) [0x00C38660]
	(No symbol) [0x00C389FB]
	(No symbol) [0x00C81022]
	(No symbol) [0x00C5D094]
	(No symbol) [0x00C7E824]
	(No symbol) [0x00C5CE46]
	(No symbol) [0x00C2C5D3]
	(No symbol) [0x00C2D424]
	GetHandleVerifier [0x0100BB53+2435075]
	GetHandleVerifier [0x010070F3+2416035]
	GetHandleVerifier [0x0102349C+2531660]
	GetHandleVerifier [0x00DDF145+155125]
	GetHandleVerifier [0x00DE5AED+182173]
	GetHandleVerifier [0x00DCF948+91640]
	GetHandleVerifier [0x00DCFAF0+92064]
	GetHandleVerifier [0x00DBA5B0+4704]
	BaseThreadInitThunk [0x766DFCC9+25]
	RtlGetAppContainerNamedObjectPath [0x773282AE+286]
	RtlGetAppContainerNamedObjectPath [0x7732827E+238]

2025-04-16 13:13:58,921 - INFO - Scraping Ratios for: A_K_S_Credits (AKS)
2025-04-16 13:14:04,410 - INFO - No Consolidated data for A_K_S_Credits, using Standalone.
2025-04-16 13:14:14,739 - ERROR - Failed to scrape Ratios for A_K_S_Credits: Message: 
Stacktrace:
	GetHandleVerifier [0x00DC8073+60707]
	GetHandleVerifier [0x00DC80B4+60772]
	(No symbol) [0x00BF0683]
	(No symbol) [0x00C38660]
	(No symbol) [0x00C389FB]
	(No symbol) [0x00C81022]
	(No symbol) [0x00C5D094]
	(No symbol) [0x00C7E824]
	(No symbol) [0x00C5CE46]
	(No symbol) [0x00C2C5D3]
	(No symbol) [0x00C2D424]
	GetHandleVerifier [0x0100BB53+2435075]
	GetHandleVerifier [0x010070F3+2416035]
	GetHandleVerifier [0x0102349C+2531660]
	GetHandleVerifier [0x00DDF145+155125]
	GetHandleVerifier [0x00DE5AED+182173]
	GetHandleVerifier [0x00DCF948+91640]
	GetHandleVerifier [0x00DCFAF0+92064]
	GetHandleVerifier [0x00DBA5B0+4704]
	BaseThreadInitThunk [0x766DFCC9+25]
	RtlGetAppContainerNamedObjectPath [0x773282AE+286]
	RtlGetAppContainerNamedObjectPath [0x7732827E+238]

2025-04-16 13:14:17,157 - INFO - Scraping Capital Structure for: A_K_S_Credits (AKS)
2025-04-16 13:14:22,506 - INFO - No Consolidated data for A_K_S_Credits, using Standalone.
2025-04-16 13:14:32,823 - ERROR - Failed to scrape Capital Structure for A_K_S_Credits: Message: 
Stacktrace:
	GetHandleVerifier [0x00DC8073+60707]
	GetHandleVerifier [0x00DC80B4+60772]
	(No symbol) [0x00BF0683]
	(No symbol) [0x00C38660]
	(No symbol) [0x00C389FB]
	(No symbol) [0x00C81022]
	(No symbol) [0x00C5D094]
	(No symbol) [0x00C7E824]
	(No symbol) [0x00C5CE46]
	(No symbol) [0x00C2C5D3]
	(No symbol) [0x00C2D424]
	GetHandleVerifier [0x0100BB53+2435075]
	GetHandleVerifier [0x010070F3+2416035]
	GetHandleVerifier [0x0102349C+2531660]
	GetHandleVerifier [0x00DDF145+155125]
	GetHandleVerifier [0x00DE5AED+182173]
	GetHandleVerifier [0x00DCF948+91640]
	GetHandleVerifier [0x00DCFAF0+92064]
	GetHandleVerifier [0x00DBA5B0+4704]
	BaseThreadInitThunk [0x766DFCC9+25]
	RtlGetAppContainerNamedObjectPath [0x773282AE+286]
	RtlGetAppContainerNamedObjectPath [0x7732827E+238]

